TN:
SF:contracts/rpc-utils/MulticallV2.sol
FN:141,ArbMulticall2.aggregate
FNDA:0,ArbMulticall2.aggregate
DA:145,0
DA:146,0
DA:147,0
DA:148,0
DA:149,0
BRDA:149,0,0,-
BRDA:149,0,1,-
DA:150,0
FN:154,ArbMulticall2.blockAndAggregate
FNDA:0,ArbMulticall2.blockAndAggregate
DA:162,0
FN:165,ArbMulticall2.getBlockHash
FNDA:0,ArbMulticall2.getBlockHash
DA:166,0
FN:169,ArbMulticall2.getBlockNumber
FNDA:0,ArbMulticall2.getBlockNumber
DA:170,0
FN:173,ArbMulticall2.getL1BlockNumber
FNDA:0,ArbMulticall2.getL1BlockNumber
DA:174,0
FN:177,ArbMulticall2.getCurrentBlockCoinbase
FNDA:0,ArbMulticall2.getCurrentBlockCoinbase
DA:178,0
FN:181,ArbMulticall2.getCurrentBlockDifficulty
FNDA:0,ArbMulticall2.getCurrentBlockDifficulty
DA:182,0
FN:185,ArbMulticall2.getCurrentBlockGasLimit
FNDA:0,ArbMulticall2.getCurrentBlockGasLimit
DA:186,0
FN:189,ArbMulticall2.getCurrentBlockTimestamp
FNDA:0,ArbMulticall2.getCurrentBlockTimestamp
DA:190,0
FN:193,ArbMulticall2.getEthBalance
FNDA:0,ArbMulticall2.getEthBalance
DA:194,0
FN:197,ArbMulticall2.getLastBlockHash
FNDA:0,ArbMulticall2.getLastBlockHash
DA:198,0
FN:201,ArbMulticall2.tryAggregateGasRation
FNDA:0,ArbMulticall2.tryAggregateGasRation
DA:205,0
DA:206,0
DA:207,0
DA:208,0
DA:212,0
BRDA:212,1,0,-
BRDA:212,1,1,-
DA:213,0
BRDA:213,2,0,-
BRDA:213,2,1,-
DA:216,0
FN:220,ArbMulticall2.tryAggregate
FNDA:0,ArbMulticall2.tryAggregate
DA:224,0
DA:225,0
DA:226,0
DA:228,0
BRDA:228,3,0,-
BRDA:228,3,1,-
DA:229,0
BRDA:229,4,0,-
BRDA:229,4,1,-
DA:232,0
FN:236,ArbMulticall2.tryBlockAndAggregate
FNDA:0,ArbMulticall2.tryBlockAndAggregate
DA:244,0
DA:245,0
DA:246,0
FN:25,Multicall2.aggregate
FNDA:0,Multicall2.aggregate
DA:29,0
DA:30,0
DA:31,0
DA:32,0
DA:33,0
BRDA:33,0,0,-
BRDA:33,0,1,-
DA:34,0
FN:38,Multicall2.blockAndAggregate
FNDA:0,Multicall2.blockAndAggregate
DA:46,0
FN:49,Multicall2.getBlockHash
FNDA:0,Multicall2.getBlockHash
DA:50,0
FN:53,Multicall2.getBlockNumber
FNDA:0,Multicall2.getBlockNumber
DA:54,0
FN:57,Multicall2.getCurrentBlockCoinbase
FNDA:0,Multicall2.getCurrentBlockCoinbase
DA:58,0
FN:61,Multicall2.getCurrentBlockDifficulty
FNDA:0,Multicall2.getCurrentBlockDifficulty
DA:62,0
FN:65,Multicall2.getCurrentBlockGasLimit
FNDA:0,Multicall2.getCurrentBlockGasLimit
DA:66,0
FN:69,Multicall2.getCurrentBlockTimestamp
FNDA:0,Multicall2.getCurrentBlockTimestamp
DA:70,0
FN:73,Multicall2.getEthBalance
FNDA:0,Multicall2.getEthBalance
DA:74,0
FN:77,Multicall2.getLastBlockHash
FNDA:0,Multicall2.getLastBlockHash
DA:78,0
FN:81,Multicall2.tryAggregateGasRation
FNDA:0,Multicall2.tryAggregateGasRation
DA:85,0
DA:86,0
DA:87,0
DA:88,0
DA:92,0
BRDA:92,1,0,-
BRDA:92,1,1,-
DA:93,0
BRDA:93,2,0,-
BRDA:93,2,1,-
DA:96,0
FN:100,Multicall2.tryAggregate
FNDA:0,Multicall2.tryAggregate
DA:104,0
DA:105,0
DA:106,0
DA:108,0
BRDA:108,3,0,-
BRDA:108,3,1,-
DA:109,0
BRDA:109,4,0,-
BRDA:109,4,1,-
DA:112,0
FN:116,Multicall2.tryBlockAndAggregate
FNDA:0,Multicall2.tryBlockAndAggregate
DA:124,0
DA:125,0
DA:126,0
FNF:27
FNH:0
LF:63
LH:0
BRF:20
BRH:0
end_of_record
TN:
SF:contracts/tokenbridge/arbitrum/L2ArbitrumMessenger.sol
FN:30,L2ArbitrumMessenger.sendTxToL1
FNDA:0,L2ArbitrumMessenger.sendTxToL1
DA:36,0
DA:37,0
DA:38,0
FNF:1
FNH:0
LF:3
LH:0
BRF:0
BRH:0
end_of_record
TN:
SF:contracts/tokenbridge/arbitrum/ReverseArbToken.sol
FN:33,ReverseArbToken.bridgeMint
FNDA:0,ReverseArbToken.bridgeMint
DA:34,0
FN:37,ReverseArbToken.bridgeBurn
FNDA:0,ReverseArbToken.bridgeBurn
DA:38,0
FNF:2
FNH:0
LF:2
LH:0
BRF:0
BRH:0
end_of_record
TN:
SF:contracts/tokenbridge/arbitrum/StandardArbERC20.sol
FN:43,StandardArbERC20.bridgeInit
FNDA:0,StandardArbERC20.bridgeInit
DA:44,0
DA:59,0
DA:60,0
DA:61,0
DA:63,0
DA:74,0
FN:81,StandardArbERC20.decimals
FNDA:0,StandardArbERC20.decimals
DA:83,0
BRDA:83,0,0,-
BRDA:83,0,1,-
DA:84,0
FN:87,StandardArbERC20.name
FNDA:0,StandardArbERC20.name
DA:89,0
BRDA:89,1,0,-
BRDA:89,1,1,-
DA:90,0
FN:93,StandardArbERC20.symbol
FNDA:0,StandardArbERC20.symbol
DA:95,0
BRDA:95,2,0,-
BRDA:95,2,1,-
DA:96,0
FNF:4
FNH:0
LF:12
LH:0
BRF:6
BRH:0
end_of_record
TN:
SF:contracts/tokenbridge/arbitrum/gateway/L2ArbitrumGateway.sol
FN:64,L2ArbitrumGateway.postUpgradeInit
FNDA:0,L2ArbitrumGateway.postUpgradeInit
DA:67,0
DA:68,0
BRDA:68,0,0,-
BRDA:68,0,1,-
FN:72,L2ArbitrumGateway._initialize
FNDA:0,L2ArbitrumGateway._initialize
DA:73,0
DA:75,0
BRDA:75,1,0,-
BRDA:75,1,1,-
FN:78,L2ArbitrumGateway.createOutboundTx
FNDA:0,L2ArbitrumGateway.createOutboundTx
DA:87,0
DA:88,0
FN:98,L2ArbitrumGateway.getOutboundCalldata
FNDA:0,L2ArbitrumGateway.getOutboundCalldata
DA:105,0
DA:114,0
FN:117,L2ArbitrumGateway.outboundTransfer
FNDA:0,L2ArbitrumGateway.outboundTransfer
DA:123,0
FN:133,L2ArbitrumGateway.outboundTransfer
FNDA:0,L2ArbitrumGateway.outboundTransfer
DA:147,0
BRDA:147,2,0,-
BRDA:147,2,1,-
DA:149,0
DA:150,0
DA:152,0
BRDA:152,3,0,-
BRDA:152,3,1,-
DA:153,0
DA:155,0
DA:156,0
DA:160,0
BRDA:160,4,0,-
BRDA:160,4,1,-
DA:162,0
DA:164,0
DA:165,0
BRDA:165,5,0,-
BRDA:165,5,1,-
DA:166,0
BRDA:166,6,0,-
BRDA:166,6,1,-
DA:168,0
DA:169,0
DA:171,0
FN:174,L2ArbitrumGateway.triggerWithdrawal
FNDA:0,L2ArbitrumGateway.triggerWithdrawal
DA:182,0
DA:184,0
DA:189,0
DA:190,0
FN:193,L2ArbitrumGateway.outboundEscrowTransfer
FNDA:0,L2ArbitrumGateway.outboundEscrowTransfer
DA:201,0
DA:204,0
FN:207,L2ArbitrumGateway.inboundEscrowTransfer
FNDA:0,L2ArbitrumGateway.inboundEscrowTransfer
DA:213,0
FN:227,L2ArbitrumGateway.finalizeInboundTransfer
FNDA:0,L2ArbitrumGateway.finalizeInboundTransfer
DA:234,0
DA:237,0
BRDA:237,7,0,-
BRDA:237,7,1,-
DA:239,0
DA:242,0
DA:244,0
BRDA:244,8,0,-
BRDA:244,8,1,-
DA:245,0
DA:253,0
BRDA:253,9,0,-
BRDA:253,9,1,-
DA:259,0
DA:263,0
DA:264,0
BRDA:264,10,0,-
BRDA:264,10,1,-
DA:265,0
DA:270,0
DA:271,0
BRDA:271,11,0,-
BRDA:271,11,1,-
DA:272,0
DA:276,0
BRDA:276,12,0,-
BRDA:276,12,1,-
DA:279,0
DA:280,0
DA:284,0
DA:285,0
DA:287,0
FNF:10
FNH:0
LF:51
LH:0
BRF:26
BRH:0
end_of_record
TN:
SF:contracts/tokenbridge/arbitrum/gateway/L2CustomGateway.sol
FN:29,L2CustomGateway.initialize
FNDA:0,L2CustomGateway.initialize
DA:30,0
FN:36,L2CustomGateway.handleNoContract
FNDA:0,L2CustomGateway.handleNoContract
DA:48,0
DA:49,0
FN:59,L2CustomGateway.calculateL2TokenAddress
FNDA:0,L2CustomGateway.calculateL2TokenAddress
DA:60,0
FN:63,L2CustomGateway.registerTokenFromL1
FNDA:0,L2CustomGateway.registerTokenFromL1
DA:68,0
DA:71,0
DA:72,0
FNF:4
FNH:0
LF:7
LH:0
BRF:0
BRH:0
end_of_record
TN:
SF:contracts/tokenbridge/arbitrum/gateway/L2ERC20Gateway.sol
FN:30,L2ERC20Gateway.initialize
FNDA:0,L2ERC20Gateway.initialize
DA:35,0
DA:36,0
BRDA:36,0,0,-
BRDA:36,0,1,-
DA:37,0
FN:47,L2ERC20Gateway.calculateL2TokenAddress
FNDA:0,L2ERC20Gateway.calculateL2TokenAddress
DA:55,0
FN:62,L2ERC20Gateway.cloneableProxyHash
FNDA:0,L2ERC20Gateway.cloneableProxyHash
DA:63,0
FN:66,L2ERC20Gateway.getUserSalt
FNDA:0,L2ERC20Gateway.getUserSalt
DA:67,0
FN:78,L2ERC20Gateway.handleNoContract
FNDA:0,L2ERC20Gateway.handleNoContract
DA:86,0
DA:87,0
DA:89,0
DA:91,0
BRDA:91,1,0,-
BRDA:91,1,1,-
DA:92,0
DA:97,0
DA:98,0
FNF:5
FNH:0
LF:13
LH:0
BRF:4
BRH:0
end_of_record
TN:
SF:contracts/tokenbridge/arbitrum/gateway/L2GatewayRouter.sol
FN:39,L2GatewayRouter.initialize
FNDA:0,L2GatewayRouter.initialize
DA:40,0
FN:43,L2GatewayRouter.setGateway
FNDA:0,L2GatewayRouter.setGateway
DA:48,0
BRDA:48,0,0,-
BRDA:48,0,1,-
DA:50,0
DA:51,0
DA:52,0
FN:56,L2GatewayRouter.outboundTransfer
FNDA:0,L2GatewayRouter.outboundTransfer
DA:62,0
FN:65,L2GatewayRouter.setDefaultGateway
FNDA:0,L2GatewayRouter.setDefaultGateway
DA:66,0
DA:67,0
FNF:4
FNH:0
LF:8
LH:0
BRF:2
BRH:0
end_of_record
TN:
SF:contracts/tokenbridge/arbitrum/gateway/L2ReverseCustomGateway.sol
FN:39,L2ReverseCustomGateway.inboundEscrowTransfer
FNDA:0,L2ReverseCustomGateway.inboundEscrowTransfer
DA:44,0
FN:47,L2ReverseCustomGateway.outboundEscrowTransfer
FNDA:0,L2ReverseCustomGateway.outboundEscrowTransfer
DA:52,0
DA:57,0
DA:58,0
DA:59,0
FNF:2
FNH:0
LF:5
LH:0
BRF:0
BRH:0
end_of_record
TN:
SF:contracts/tokenbridge/arbitrum/gateway/L2WethGateway.sol
FN:32,L2WethGateway.initialize
FNDA:0,L2WethGateway.initialize
DA:38,0
DA:39,0
BRDA:39,0,0,-
BRDA:39,0,1,-
DA:40,0
BRDA:40,1,0,-
BRDA:40,1,1,-
DA:41,0
DA:42,0
FN:49,L2WethGateway.handleNoContract
FNDA:0,L2WethGateway.handleNoContract
DA:61,0
DA:62,0
FN:72,L2WethGateway.calculateL2TokenAddress
FNDA:0,L2WethGateway.calculateL2TokenAddress
DA:73,0
BRDA:73,2,0,-
BRDA:73,2,1,-
DA:75,0
DA:77,0
FN:80,L2WethGateway.inboundEscrowTransfer
FNDA:0,L2WethGateway.inboundEscrowTransfer
DA:85,0
DA:86,0
FN:89,L2WethGateway.createOutboundTx
FNDA:0,L2WethGateway.createOutboundTx
DA:95,0
DA:96,0
FNF:5
FNH:0
LF:14
LH:0
BRF:6
BRH:0
end_of_record
TN:
SF:contracts/tokenbridge/ethereum/L1ArbitrumMessenger.sol
FN:35,L1ArbitrumMessenger.sendTxToL2CustomRefund
FNDA:4,L1ArbitrumMessenger.sendTxToL2CustomRefund
DA:46,4
FN:61,L1ArbitrumMessenger.sendTxToL2
FNDA:7,L1ArbitrumMessenger.sendTxToL2
DA:71,7
FN:85,L1ArbitrumMessenger.sendTxToL2CustomRefund
FNDA:17,L1ArbitrumMessenger.sendTxToL2CustomRefund
DA:97,17
DA:109,17
DA:110,17
FN:113,L1ArbitrumMessenger.sendTxToL2
FNDA:13,L1ArbitrumMessenger.sendTxToL2
DA:124,13
FN:139,L1ArbitrumMessenger.getBridge
FNDA:10,L1ArbitrumMessenger.getBridge
DA:140,10
FN:144,L1ArbitrumMessenger.getL2ToL1Sender
FNDA:4,L1ArbitrumMessenger.getL2ToL1Sender
DA:145,4
DA:146,4
DA:148,4
BRDA:148,0,0,-
BRDA:148,0,1,4
DA:149,4
FN:166,L1ArbitrumMessenger._createRetryable
FNDA:15,L1ArbitrumMessenger._createRetryable
DA:178,15
FNF:7
FNH:7
LF:12
LH:12
BRF:2
BRH:1
end_of_record
TN:
SF:contracts/tokenbridge/ethereum/gateway/L1ArbitrumExtendedGateway.sol
FN:62,L1ArbitrumExtendedGateway.transferExitAndCall
FNDA:5636,L1ArbitrumExtendedGateway.transferExitAndCall
DA:71,5636
DA:74,5636
BRDA:74,0,0,2
BRDA:74,0,1,5634
DA:76,5634
BRDA:76,1,0,2
BRDA:76,1,1,5632
DA:78,5632
DA:80,5632
BRDA:80,2,0,1024
BRDA:80,2,1,2048
DA:81,3584
BRDA:81,3,0,512
BRDA:81,3,1,3072
DA:82,3072
DA:87,3072
BRDA:87,4,0,1024
BRDA:87,4,1,2048
DA:90,4096
FN:101,L1ArbitrumExtendedGateway.getExternalCall
FNDA:1024,L1ArbitrumExtendedGateway.getExternalCall
DA:107,6662
DA:108,6662
DA:113,6662
BRDA:113,5,0,-
BRDA:113,5,1,-
DA:114,2048
DA:116,4614
FN:120,L1ArbitrumExtendedGateway.setRedirectedExit
FNDA:5632,L1ArbitrumExtendedGateway.setRedirectedExit
DA:126,5632
DA:127,5632
FN:130,L1ArbitrumExtendedGateway.encodeWithdrawal
FNDA:512,L1ArbitrumExtendedGateway.encodeWithdrawal
DA:136,12806
FNF:4
FNH:4
LF:17
LH:17
BRF:12
BRH:10
end_of_record
TN:
SF:contracts/tokenbridge/ethereum/gateway/L1ArbitrumGateway.sol
FN:76,L1ArbitrumGateway.postUpgradeInit
FNDA:2,L1ArbitrumGateway.postUpgradeInit
DA:79,2
DA:80,2
BRDA:80,0,0,2
BRDA:80,0,1,-
FN:84,L1ArbitrumGateway._initialize
FNDA:13,L1ArbitrumGateway._initialize
DA:89,13
DA:91,13
BRDA:91,1,0,-
BRDA:91,1,1,13
DA:92,13
BRDA:92,2,0,-
BRDA:92,2,1,13
DA:93,13
FN:104,L1ArbitrumGateway.finalizeInboundTransfer
FNDA:6,L1ArbitrumGateway.finalizeInboundTransfer
DA:112,2
DA:116,2
BRDA:116,3,0,-
BRDA:116,3,1,2
DA:118,0
DA:122,2
DA:123,2
DA:125,2
FN:128,L1ArbitrumGateway.getExternalCall
FNDA:0,L1ArbitrumGateway.getExternalCall
DA:135,0
DA:136,0
FN:139,L1ArbitrumGateway.inboundEscrowTransfer
FNDA:2,L1ArbitrumGateway.inboundEscrowTransfer
DA:145,2
FN:151,L1ArbitrumGateway.createOutboundTxCustomRefund
FNDA:2,L1ArbitrumGateway.createOutboundTxCustomRefund
DA:165,2
FN:185,L1ArbitrumGateway.createOutboundTx
FNDA:0,L1ArbitrumGateway.createOutboundTx
DA:193,0
FN:208,L1ArbitrumGateway.outboundTransfer
FNDA:2,L1ArbitrumGateway.outboundTransfer
DA:216,2
FN:238,L1ArbitrumGateway.outboundTransferCustomRefund
FNDA:12,L1ArbitrumGateway.outboundTransferCustomRefund
DA:247,12
BRDA:247,4,0,2
BRDA:247,4,1,10
DA:250,10
DA:251,10
DA:252,10
DA:254,10
DA:255,10
DA:256,10
BRDA:256,5,0,10
BRDA:256,5,1,-
DA:258,10
DA:260,0
DA:261,0
DA:264,10
DA:267,10
BRDA:267,6,0,2
BRDA:267,6,1,8
DA:269,8
BRDA:269,7,0,2
BRDA:269,7,1,6
DA:270,6
DA:271,6
BRDA:271,8,0,-
BRDA:271,8,1,6
DA:273,6
DA:276,4
DA:278,4
DA:289,4
DA:290,4
FN:293,L1ArbitrumGateway.outboundEscrowTransfer
FNDA:6,L1ArbitrumGateway.outboundEscrowTransfer
DA:300,6
DA:301,6
DA:302,4
DA:303,4
FN:306,L1ArbitrumGateway.getOutboundCalldata
FNDA:0,L1ArbitrumGateway.getOutboundCalldata
DA:317,0
DA:319,0
DA:328,0
FN:331,L1ArbitrumGateway.supportsInterface
FNDA:512,L1ArbitrumGateway.supportsInterface
DA:340,512
FN:359,L1ArbitrumGateway._parseUserEncodedData
FNDA:5,L1ArbitrumGateway._parseUserEncodedData
DA:367,5
FN:382,L1ArbitrumGateway._initiateDeposit
FNDA:2,L1ArbitrumGateway._initiateDeposit
DA:392,2
FNF:14
FNH:11
LF:48
LH:39
BRF:18
BRH:12
end_of_record
TN:
SF:contracts/tokenbridge/ethereum/gateway/L1CustomGateway.sol
FN:63,L1CustomGateway.outboundTransferCustomRefund
FNDA:0,L1CustomGateway.outboundTransferCustomRefund
DA:72,0
FN:84,L1CustomGateway.finalizeInboundTransfer
FNDA:0,L1CustomGateway.finalizeInboundTransfer
DA:92,0
FN:95,L1CustomGateway.initialize
FNDA:6,L1CustomGateway.initialize
DA:101,6
DA:102,6
DA:104,6
DA:106,6
FN:116,L1CustomGateway.calculateL2TokenAddress
FNDA:7,L1CustomGateway.calculateL2TokenAddress
DA:117,7
FN:128,L1CustomGateway.registerTokenToL2
FNDA:0,L1CustomGateway.registerTokenToL2
DA:134,0
FN:146,L1CustomGateway.registerTokenToL2
FNDA:6,L1CustomGateway.registerTokenToL2
DA:153,6
BRDA:153,0,0,-
BRDA:153,0,1,6
DA:158,6
DA:159,6
BRDA:159,1,0,-
BRDA:159,1,1,-
DA:161,0
BRDA:161,2,0,-
BRDA:161,2,1,-
DA:164,6
DA:166,6
DA:167,6
DA:168,6
DA:169,6
DA:171,6
DA:173,6
DA:179,6
FN:193,L1CustomGateway.setOwner
FNDA:0,L1CustomGateway.setOwner
DA:194,0
BRDA:194,3,0,-
BRDA:194,3,1,-
DA:195,0
FN:208,L1CustomGateway.forceRegisterTokenToL2
FNDA:0,L1CustomGateway.forceRegisterTokenToL2
DA:215,0
BRDA:215,4,0,-
BRDA:215,4,1,-
DA:217,0
DA:220,0
DA:221,0
DA:224,0
DA:230,0
FNF:8
FNH:3
LF:28
LH:16
BRF:10
BRH:1
end_of_record
TN:
SF:contracts/tokenbridge/ethereum/gateway/L1ERC20Gateway.sol
FN:57,L1ERC20Gateway.outboundTransferCustomRefund
FNDA:10,L1ERC20Gateway.outboundTransferCustomRefund
DA:66,12
FN:78,L1ERC20Gateway.finalizeInboundTransfer
FNDA:6,L1ERC20Gateway.finalizeInboundTransfer
DA:86,6
FN:89,L1ERC20Gateway.initialize
FNDA:7,L1ERC20Gateway.initialize
DA:96,7
DA:97,7
BRDA:97,0,0,2
BRDA:97,0,1,5
DA:98,5
BRDA:98,1,0,2
BRDA:98,1,1,3
DA:99,3
DA:100,3
DA:102,3
DA:104,3
FN:113,L1ERC20Gateway.callStatic
FNDA:30,L1ERC20Gateway.callStatic
DA:118,30
DA:122,30
DA:123,30
FN:126,L1ERC20Gateway.getOutboundCalldata
FNDA:6,L1ERC20Gateway.getOutboundCalldata
DA:134,10
DA:140,10
DA:149,10
FN:152,L1ERC20Gateway.calculateL2TokenAddress
FNDA:512,L1ERC20Gateway.calculateL2TokenAddress
DA:153,518
DA:154,518
FN:157,L1ERC20Gateway.getSalt
FNDA:518,L1ERC20Gateway.getSalt
DA:159,518
FNF:7
FNH:7
LF:18
LH:18
BRF:4
BRH:4
end_of_record
TN:
SF:contracts/tokenbridge/ethereum/gateway/L1ForceOnlyReverseCustomGateway.sol
FN:27,L1ForceOnlyReverseCustomGateway.registerTokenToL2
FNDA:0,L1ForceOnlyReverseCustomGateway.registerTokenToL2
DA:34,0
FNF:1
FNH:0
LF:1
LH:0
BRF:0
BRH:0
end_of_record
TN:
SF:contracts/tokenbridge/ethereum/gateway/L1GatewayRouter.sol
FN:50,L1GatewayRouter.initialize
FNDA:4,L1GatewayRouter.initialize
DA:57,4
DA:58,2
DA:59,2
DA:60,2
FN:63,L1GatewayRouter.setDefaultGateway
FNDA:1,L1GatewayRouter.setDefaultGateway
DA:69,1
DA:71,1
DA:73,1
DA:75,1
BRDA:75,0,0,-
BRDA:75,0,1,1
DA:76,1
DA:79,1
DA:84,1
FN:100,L1GatewayRouter.setOwner
FNDA:258,L1GatewayRouter.setOwner
DA:101,257
BRDA:101,1,0,1
BRDA:101,1,1,256
DA:103,256
FN:106,L1GatewayRouter._setGateways
FNDA:7,L1GatewayRouter._setGateways
DA:114,7
BRDA:114,2,0,-
BRDA:114,2,1,7
DA:116,7
DA:117,8
DA:118,8
DA:120,8
BRDA:120,3,0,-
BRDA:120,3,1,6
DA:124,7
BRDA:124,4,0,1
BRDA:124,4,1,6
DA:128,6
DA:132,6
DA:138,6
FN:162,L1GatewayRouter.setGateway
FNDA:1,L1GatewayRouter.setGateway
DA:168,1
FN:180,L1GatewayRouter.setGateway
FNDA:7,L1GatewayRouter.setGateway
DA:187,8
BRDA:187,5,0,1
BRDA:187,5,1,7
DA:192,7
BRDA:192,6,0,1
BRDA:192,6,1,6
DA:194,6
DA:195,6
BRDA:195,7,0,1
BRDA:195,7,1,-
DA:197,1
BRDA:197,8,0,1
BRDA:197,8,1,-
DA:200,5
DA:201,5
DA:203,5
DA:204,5
DA:206,5
FN:217,L1GatewayRouter.setGateways
FNDA:3,L1GatewayRouter.setGateways
DA:226,2
FN:230,L1GatewayRouter.outboundTransfer
FNDA:0,L1GatewayRouter.outboundTransfer
DA:238,0
FN:259,L1GatewayRouter.outboundTransferCustomRefund
FNDA:0,L1GatewayRouter.outboundTransferCustomRefund
DA:268,0
DA:269,0
DA:274,0
DA:276,0
FN:294,L1GatewayRouter.supportsInterface
FNDA:256,L1GatewayRouter.supportsInterface
DA:302,256
FNF:10
FNH:8
LF:40
LH:35
BRF:18
BRH:13
end_of_record
TN:
SF:contracts/tokenbridge/ethereum/gateway/L1OrbitERC20Gateway.sol
FN:15,L1OrbitERC20Gateway._parseUserEncodedData
FNDA:5,L1OrbitERC20Gateway._parseUserEncodedData
DA:23,5
FN:29,L1OrbitERC20Gateway._initiateDeposit
FNDA:2,L1OrbitERC20Gateway._initiateDeposit
DA:39,2
FN:56,L1OrbitERC20Gateway._createRetryable
FNDA:2,L1OrbitERC20Gateway._createRetryable
DA:68,2
FNF:3
FNH:3
LF:3
LH:3
BRF:0
BRH:0
end_of_record
TN:
SF:contracts/tokenbridge/ethereum/gateway/L1ReverseCustomGateway.sol
FN:37,L1ReverseCustomGateway.inboundEscrowTransfer
FNDA:0,L1ReverseCustomGateway.inboundEscrowTransfer
DA:42,0
FN:45,L1ReverseCustomGateway.outboundEscrowTransfer
FNDA:0,L1ReverseCustomGateway.outboundEscrowTransfer
DA:50,0
DA:53,0
FNF:2
FNH:0
LF:3
LH:0
BRF:0
BRH:0
end_of_record
TN:
SF:contracts/tokenbridge/ethereum/gateway/L1WethGateway.sol
FN:34,L1WethGateway.initialize
FNDA:0,L1WethGateway.initialize
DA:41,0
DA:42,0
BRDA:42,0,0,-
BRDA:42,0,1,-
DA:43,0
BRDA:43,1,0,-
BRDA:43,1,1,-
DA:44,0
DA:45,0
FN:48,L1WethGateway.createOutboundTxCustomRefund
FNDA:0,L1WethGateway.createOutboundTxCustomRefund
DA:57,0
FN:76,L1WethGateway.outboundEscrowTransfer
FNDA:0,L1WethGateway.outboundEscrowTransfer
DA:81,0
DA:82,0
DA:85,0
FN:88,L1WethGateway.inboundEscrowTransfer
FNDA:0,L1WethGateway.inboundEscrowTransfer
DA:93,0
DA:94,0
FN:104,L1WethGateway.calculateL2TokenAddress
FNDA:0,L1WethGateway.calculateL2TokenAddress
DA:105,0
BRDA:105,2,0,-
BRDA:105,2,1,-
DA:107,0
DA:109,0
FN:115,L1WethGateway.setRedirectedExit
FNDA:0,L1WethGateway.setRedirectedExit
DA:121,0
FNF:6
FNH:0
LF:15
LH:0
BRF:6
BRH:0
end_of_record
TN:
SF:contracts/tokenbridge/libraries/AddressAliasHelper.sol
FN:28,AddressAliasHelper.applyL1ToL2Alias
FNDA:0,AddressAliasHelper.applyL1ToL2Alias
DA:30,0
FN:38,AddressAliasHelper.undoL1ToL2Alias
FNDA:0,AddressAliasHelper.undoL1ToL2Alias
DA:40,0
FNF:2
FNH:0
LF:2
LH:0
BRF:0
BRH:0
end_of_record
TN:
SF:contracts/tokenbridge/libraries/BytesLib.sol
FN:15,BytesLib.toAddress
FNDA:0,BytesLib.toAddress
DA:16,0
BRDA:16,0,0,-
BRDA:16,0,1,-
DA:17,0
DA:20,0
DA:23,0
FN:26,BytesLib.toUint8
FNDA:0,BytesLib.toUint8
DA:27,0
BRDA:27,1,0,-
BRDA:27,1,1,-
DA:28,0
DA:31,0
DA:34,0
FN:37,BytesLib.toUint
FNDA:0,BytesLib.toUint
DA:38,0
BRDA:38,2,0,-
BRDA:38,2,1,-
DA:39,0
DA:42,0
DA:45,0
FN:48,BytesLib.toBytes32
FNDA:0,BytesLib.toBytes32
DA:49,0
BRDA:49,3,0,-
BRDA:49,3,1,-
DA:50,0
DA:53,0
DA:56,0
FNF:4
FNH:0
LF:16
LH:0
BRF:8
BRH:0
end_of_record
TN:
SF:contracts/tokenbridge/libraries/BytesParser.sol
FN:26,BytesParser.toUint8
FNDA:0,BytesParser.toUint8
DA:27,0
BRDA:27,0,0,-
BRDA:27,0,1,-
DA:28,0
DA:31,0
DA:32,0
BRDA:32,1,0,-
BRDA:32,1,1,-
DA:33,0
DA:35,0
DA:36,0
FN:39,BytesParser.toString
FNDA:0,BytesParser.toString
DA:40,0
BRDA:40,2,0,-
BRDA:40,2,1,-
DA:41,0
DA:43,0
BRDA:43,3,0,-
BRDA:43,3,1,-
DA:45,0
BRDA:45,4,0,-
BRDA:45,4,1,-
DA:46,0
DA:51,0
DA:52,0
DA:53,0
DA:56,0
DA:57,0
DA:58,0
DA:63,0
DA:67,0
DA:68,0
FNF:2
FNH:0
LF:21
LH:0
BRF:10
BRH:0
end_of_record
TN:
SF:contracts/tokenbridge/libraries/ClonableBeaconProxy.sol
FN:27,BeaconProxyFactory.initialize
FNDA:0,BeaconProxyFactory.initialize
DA:28,0
BRDA:28,0,0,-
BRDA:28,0,1,-
DA:29,0
BRDA:29,1,0,-
BRDA:29,1,1,-
DA:30,0
FN:33,BeaconProxyFactory.getSalt
FNDA:0,BeaconProxyFactory.getSalt
DA:34,0
FN:37,BeaconProxyFactory.createProxy
FNDA:0,BeaconProxyFactory.createProxy
DA:39,0
DA:40,0
DA:41,0
FN:44,BeaconProxyFactory.calculateExpectedAddress
FNDA:0,BeaconProxyFactory.calculateExpectedAddress
DA:49,0
DA:50,0
FN:53,BeaconProxyFactory.calculateExpectedAddress
FNDA:0,BeaconProxyFactory.calculateExpectedAddress
DA:54,0
FNF:5
FNH:0
LF:10
LH:0
BRF:4
BRH:0
end_of_record
TN:
SF:contracts/tokenbridge/libraries/Cloneable.sol
FN:32,Cloneable.isMaster
FNDA:0,Cloneable.isMaster
DA:33,0
FN:36,Cloneable.safeSelfDestruct
FNDA:0,Cloneable.safeSelfDestruct
DA:37,0
BRDA:37,0,0,-
BRDA:37,0,1,-
DA:38,0
FNF:2
FNH:0
LF:3
LH:0
BRF:2
BRH:0
end_of_record
TN:
SF:contracts/tokenbridge/libraries/ERC165.sol
FN:29,ERC165.supportsInterface
FNDA:768,ERC165.supportsInterface
DA:30,768
FNF:1
FNH:1
LF:1
LH:1
BRF:0
BRH:0
end_of_record
TN:
SF:contracts/tokenbridge/libraries/ERC20Upgradeable.sol
FN:45,ERC20Upgradeable.__ERC20_init
FNDA:0,ERC20Upgradeable.__ERC20_init
DA:46,0
FN:49,ERC20Upgradeable.__ERC20_init_unchained
FNDA:0,ERC20Upgradeable.__ERC20_init_unchained
DA:53,0
DA:54,0
DA:55,0
FN:61,ERC20Upgradeable.name
FNDA:10,ERC20Upgradeable.name
DA:62,10
FN:69,ERC20Upgradeable.symbol
FNDA:10,ERC20Upgradeable.symbol
DA:70,10
FN:86,ERC20Upgradeable.decimals
FNDA:10,ERC20Upgradeable.decimals
DA:87,10
FN:93,ERC20Upgradeable.totalSupply
FNDA:0,ERC20Upgradeable.totalSupply
DA:94,0
FN:100,ERC20Upgradeable.balanceOf
FNDA:34,ERC20Upgradeable.balanceOf
DA:101,34
FN:112,ERC20Upgradeable.transfer
FNDA:2,ERC20Upgradeable.transfer
DA:113,2
DA:114,2
DA:115,2
FN:121,ERC20Upgradeable.allowance
FNDA:0,ERC20Upgradeable.allowance
DA:125,6
FN:138,ERC20Upgradeable.approve
FNDA:4,ERC20Upgradeable.approve
DA:139,4
DA:140,4
DA:141,4
FN:160,ERC20Upgradeable.transferFrom
FNDA:6,ERC20Upgradeable.transferFrom
DA:165,6
DA:166,6
DA:167,4
DA:168,4
FN:183,ERC20Upgradeable.increaseAllowance
FNDA:0,ERC20Upgradeable.increaseAllowance
DA:184,0
DA:185,0
DA:186,0
FN:203,ERC20Upgradeable.decreaseAllowance
FNDA:0,ERC20Upgradeable.decreaseAllowance
DA:207,0
DA:208,0
DA:209,0
BRDA:209,0,0,-
BRDA:209,0,1,-
DA:211,0
DA:214,0
FN:231,ERC20Upgradeable._transfer
FNDA:6,ERC20Upgradeable._transfer
DA:232,6
BRDA:232,1,0,-
BRDA:232,1,1,6
DA:233,6
BRDA:233,2,0,-
BRDA:233,2,1,6
DA:235,6
DA:237,6
DA:238,6
BRDA:238,3,0,-
BRDA:238,3,1,6
DA:240,6
DA:243,6
DA:246,6
DA:248,6
FN:260,ERC20Upgradeable._mint
FNDA:2,ERC20Upgradeable._mint
DA:261,2
BRDA:261,4,0,-
BRDA:261,4,1,2
DA:263,2
DA:265,2
DA:268,2
DA:270,2
DA:272,2
FN:286,ERC20Upgradeable._burn
FNDA:0,ERC20Upgradeable._burn
DA:287,0
BRDA:287,5,0,-
BRDA:287,5,1,-
DA:289,0
DA:291,0
DA:292,0
BRDA:292,6,0,-
BRDA:292,6,1,-
DA:294,0
DA:296,0
DA:299,0
DA:301,0
FN:317,ERC20Upgradeable._approve
FNDA:8,ERC20Upgradeable._approve
DA:318,8
BRDA:318,7,0,-
BRDA:318,7,1,8
DA:319,8
BRDA:319,8,0,-
BRDA:319,8,1,8
DA:321,8
DA:322,8
FN:332,ERC20Upgradeable._setupDecimals
FNDA:0,ERC20Upgradeable._setupDecimals
DA:333,0
FN:344,ERC20Upgradeable._spendAllowance
FNDA:6,ERC20Upgradeable._spendAllowance
DA:345,6
DA:346,6
BRDA:346,9,0,2
BRDA:346,9,1,4
DA:347,6
BRDA:347,10,0,2
BRDA:347,10,1,4
DA:349,4
FN:368,ERC20Upgradeable._beforeTokenTransfer
FNDA:8,ERC20Upgradeable._beforeTokenTransfer
FN:384,ERC20Upgradeable._afterTokenTransfer
FNDA:8,ERC20Upgradeable._afterTokenTransfer
FNF:21
FNH:13
LF:60
LH:38
BRF:22
BRH:10
end_of_record
TN:
SF:contracts/tokenbridge/libraries/L2CustomGatewayToken.sol
FN:36,L2CustomGatewayToken.initialize
FNDA:0,L2CustomGatewayToken.initialize
DA:43,0
FNF:1
FNH:0
LF:1
LH:0
BRF:0
BRH:0
end_of_record
TN:
SF:contracts/tokenbridge/libraries/L2GatewayToken.sol
FN:46,L2GatewayToken._initialize
FNDA:0,L2GatewayToken._initialize
DA:53,0
BRDA:53,0,0,-
BRDA:53,0,1,-
DA:54,0
BRDA:54,1,0,-
BRDA:54,1,1,-
DA:55,0
DA:56,0
DA:58,0
FN:66,L2GatewayToken.bridgeMint
FNDA:0,L2GatewayToken.bridgeMint
DA:67,0
FN:76,L2GatewayToken.bridgeBurn
FNDA:0,L2GatewayToken.bridgeBurn
DA:77,0
FNF:3
FNH:0
LF:7
LH:0
BRF:4
BRH:0
end_of_record
TN:
SF:contracts/tokenbridge/libraries/ProxyUtil.sol
FN:22,ProxyUtil.getProxyAdmin
FNDA:0,ProxyUtil.getProxyAdmin
DA:26,0
DA:28,0
FNF:1
FNH:0
LF:2
LH:0
BRF:0
BRH:0
end_of_record
TN:
SF:contracts/tokenbridge/libraries/TransferAndCallToken.sol
FN:20,TransferAndCallToken.transferAndCall
FNDA:0,TransferAndCallToken.transferAndCall
DA:25,0
DA:26,0
DA:27,0
BRDA:27,0,0,-
BRDA:27,0,1,-
DA:28,0
DA:30,0
FN:35,TransferAndCallToken.contractFallback
FNDA:0,TransferAndCallToken.contractFallback
DA:40,0
DA:41,0
FN:44,TransferAndCallToken.isContract
FNDA:0,TransferAndCallToken.isContract
DA:45,0
DA:47,0
DA:49,0
FNF:3
FNH:0
LF:10
LH:0
BRF:2
BRH:0
end_of_record
TN:
SF:contracts/tokenbridge/libraries/Whitelist.sol
FN:33,WhitelistConsumer.updateWhitelistSource
FNDA:0,WhitelistConsumer.updateWhitelistSource
DA:34,0
BRDA:34,0,0,-
BRDA:34,0,1,-
DA:35,0
DA:36,0
FN:56,Whitelist.setOwner
FNDA:0,Whitelist.setOwner
DA:57,0
DA:58,0
FN:61,Whitelist.setWhitelist
FNDA:0,Whitelist.setWhitelist
DA:62,0
BRDA:62,0,0,-
BRDA:62,0,1,-
DA:64,0
DA:65,0
FN:70,Whitelist.triggerConsumers
FNDA:0,Whitelist.triggerConsumers
DA:71,0
DA:72,0
DA:74,0
FNF:4
FNH:0
LF:11
LH:0
BRF:4
BRH:0
end_of_record
TN:
SF:contracts/tokenbridge/libraries/aeERC20.sol
FN:35,aeERC20._initialize
FNDA:0,aeERC20._initialize
DA:40,0
DA:41,0
DA:42,0
FNF:1
FNH:0
LF:3
LH:0
BRF:0
BRH:0
end_of_record
TN:
SF:contracts/tokenbridge/libraries/aeWETH.sol
FN:26,aeWETH.initialize
FNDA:0,aeWETH.initialize
DA:33,0
FN:36,aeWETH.bridgeMint
FNDA:0,aeWETH.bridgeMint
DA:41,0
FN:44,aeWETH.bridgeBurn
FNDA:0,aeWETH.bridgeBurn
DA:45,0
DA:46,0
DA:47,0
BRDA:47,0,0,-
BRDA:47,0,1,-
FN:50,aeWETH.deposit
FNDA:0,aeWETH.deposit
DA:51,0
FN:54,aeWETH.withdraw
FNDA:0,aeWETH.withdraw
DA:55,0
FN:58,aeWETH.depositTo
FNDA:0,aeWETH.depositTo
DA:59,0
FN:62,aeWETH.withdrawTo
FNDA:0,aeWETH.withdrawTo
DA:63,0
DA:64,0
DA:65,0
BRDA:65,1,0,-
BRDA:65,1,1,-
FNF:7
FNH:0
LF:11
LH:0
BRF:4
BRH:0
end_of_record
TN:
SF:contracts/tokenbridge/libraries/draft-ERC20PermitUpgradeable.sol
FN:50,ERC20PermitUpgradeable.__ERC20Permit_init
FNDA:0,ERC20PermitUpgradeable.__ERC20Permit_init
DA:51,0
FN:54,ERC20PermitUpgradeable.__ERC20Permit_init_unchained
FNDA:0,ERC20PermitUpgradeable.__ERC20Permit_init_unchained
FN:59,ERC20PermitUpgradeable.permit
FNDA:0,ERC20PermitUpgradeable.permit
DA:68,0
BRDA:68,0,0,-
BRDA:68,0,1,-
DA:70,0
DA:74,0
DA:76,0
DA:77,0
BRDA:77,1,0,-
BRDA:77,1,1,-
DA:79,0
FN:85,ERC20PermitUpgradeable.nonces
FNDA:0,ERC20PermitUpgradeable.nonces
DA:86,0
FN:93,ERC20PermitUpgradeable.DOMAIN_SEPARATOR
FNDA:0,ERC20PermitUpgradeable.DOMAIN_SEPARATOR
DA:94,0
FN:102,ERC20PermitUpgradeable._useNonce
FNDA:0,ERC20PermitUpgradeable._useNonce
DA:103,0
DA:104,0
DA:105,0
FNF:6
FNH:0
LF:12
LH:0
BRF:4
BRH:0
end_of_record
TN:
SF:contracts/tokenbridge/libraries/gateway/GatewayMessageHandler.sol
FN:25,GatewayMessageHandler.encodeToL2GatewayMsg
FNDA:0,GatewayMessageHandler.encodeToL2GatewayMsg
DA:30,0
FN:33,GatewayMessageHandler.parseFromL1GatewayMsg
FNDA:0,GatewayMessageHandler.parseFromL1GatewayMsg
DA:39,0
FN:44,GatewayMessageHandler.encodeFromL2GatewayMsg
FNDA:0,GatewayMessageHandler.encodeFromL2GatewayMsg
DA:49,0
FN:52,GatewayMessageHandler.parseToL1GatewayMsg
FNDA:0,GatewayMessageHandler.parseToL1GatewayMsg
DA:58,0
FN:63,GatewayMessageHandler.encodeFromRouterToGateway
FNDA:0,GatewayMessageHandler.encodeFromRouterToGateway
DA:69,0
FN:72,GatewayMessageHandler.parseFromRouterToGateway
FNDA:0,GatewayMessageHandler.parseFromRouterToGateway
DA:78,0
FNF:6
FNH:0
LF:6
LH:0
BRF:0
BRH:0
end_of_record
TN:
SF:contracts/tokenbridge/libraries/gateway/GatewayRouter.sol
FN:39,GatewayRouter.postUpgradeInit
FNDA:1,GatewayRouter.postUpgradeInit
DA:42,1
DA:43,1
BRDA:43,0,0,1
BRDA:43,0,1,-
FN:47,GatewayRouter._initialize
FNDA:4,GatewayRouter._initialize
DA:53,4
BRDA:53,1,0,-
BRDA:53,1,1,4
DA:54,4
DA:56,2
FN:59,GatewayRouter.finalizeInboundTransfer
FNDA:0,GatewayRouter.finalizeInboundTransfer
DA:66,0
FN:69,GatewayRouter.outboundTransfer
FNDA:0,GatewayRouter.outboundTransfer
DA:79,0
DA:80,0
DA:85,0
DA:86,0
FN:97,GatewayRouter.getOutboundCalldata
FNDA:0,GatewayRouter.getOutboundCalldata
DA:104,0
DA:105,0
FN:108,GatewayRouter.getGateway
FNDA:0,GatewayRouter.getGateway
DA:109,6
DA:111,6
BRDA:111,2,0,5
BRDA:111,2,1,6
DA:113,5
DA:116,6
BRDA:116,3,0,5
BRDA:116,3,1,1
DA:118,5
DA:121,0
FN:124,GatewayRouter.calculateL2TokenAddress
FNDA:0,GatewayRouter.calculateL2TokenAddress
DA:131,0
DA:132,0
BRDA:132,4,0,-
BRDA:132,4,1,-
DA:133,0
DA:135,0
FNF:7
FNH:2
LF:22
LH:10
BRF:10
BRH:6
end_of_record
TN:
SF:contracts/tokenbridge/libraries/gateway/TokenGateway.sol
FN:36,TokenGateway._initialize
FNDA:17,TokenGateway._initialize
DA:40,17
BRDA:40,0,0,1
BRDA:40,0,1,16
DA:41,16
BRDA:41,1,0,1
BRDA:41,1,1,15
DA:42,15
DA:43,15
FN:46,TokenGateway.isRouter
FNDA:22,TokenGateway.isRouter
DA:47,22
FNF:2
FNH:2
LF:5
LH:5
BRF:4
BRH:4
end_of_record
TN:
SF:contracts/tokenbridge/test/AddressMappingTest.sol
FN:25,AddressMappingTest.getL1AddressTest
FNDA:0,AddressMappingTest.getL1AddressTest
DA:26,0
FNF:1
FNH:0
LF:1
LH:0
BRF:0
BRH:0
end_of_record
TN:
SF:contracts/tokenbridge/test/ArbSysMock.sol
FN:7,ArbSysMock.sendTxToL1
FNDA:0,ArbSysMock.sendTxToL1
DA:12,0
DA:13,0
DA:14,0
DA:15,0
FNF:1
FNH:0
LF:4
LH:0
BRF:0
BRH:0
end_of_record
TN:
SF:contracts/tokenbridge/test/InboxMock.sol
FN:49,InboxMock.createRetryableTicket
FNDA:15,InboxMock.createRetryableTicket
DA:59,15
BRDA:59,0,0,-
BRDA:59,0,1,15
DA:60,0
DA:62,15
DA:63,15
DA:64,15
DA:65,15
FN:31,AbsInboxMock.bridge
FNDA:14,AbsInboxMock.bridge
DA:32,14
FN:35,AbsInboxMock.activeOutbox
FNDA:4,AbsInboxMock.activeOutbox
DA:36,4
FN:39,AbsInboxMock.setL2ToL1Sender
FNDA:4,AbsInboxMock.setL2ToL1Sender
DA:40,4
FN:43,AbsInboxMock.l2ToL1Sender
FNDA:4,AbsInboxMock.l2ToL1Sender
DA:44,4
FN:80,ERC20InboxMock.createRetryableTicket
FNDA:2,ERC20InboxMock.createRetryableTicket
DA:92,2
BRDA:92,0,0,-
BRDA:92,0,1,2
DA:93,0
DA:96,2
DA:97,2
DA:98,2
DA:107,2
FNF:6
FNH:6
LF:16
LH:14
BRF:4
BRH:2
end_of_record
TN:
SF:contracts/tokenbridge/test/TestArbCustomToken.sol
FN:54,MintableTestArbCustomToken.userMint
FNDA:0,MintableTestArbCustomToken.userMint
DA:55,0
FN:40,TestArbCustomToken.someWackyCustomStuff
FNDA:0,TestArbCustomToken.someWackyCustomStuff
FN:42,TestArbCustomToken.bridgeMint
FNDA:0,TestArbCustomToken.bridgeMint
DA:43,0
FN:46,TestArbCustomToken.bridgeBurn
FNDA:0,TestArbCustomToken.bridgeBurn
DA:47,0
FN:74,ReverseTestArbCustomToken.someWackyCustomStuff
FNDA:0,ReverseTestArbCustomToken.someWackyCustomStuff
FN:76,ReverseTestArbCustomToken.mint
FNDA:0,ReverseTestArbCustomToken.mint
DA:77,0
FNF:6
FNH:0
LF:4
LH:0
BRF:0
BRH:0
end_of_record
TN:
SF:contracts/tokenbridge/test/TestArbCustomTokenBurnFee.sol
FN:31,TestArbCustomTokenBurnFee._burn
FNDA:0,TestArbCustomTokenBurnFee._burn
DA:32,0
DA:33,0
FNF:1
FNH:0
LF:2
LH:0
BRF:0
BRH:0
end_of_record
TN:
SF:contracts/tokenbridge/test/TestBytesParser.sol
FN:24,TestBytesParser.bytesToString
FNDA:0,TestBytesParser.bytesToString
DA:29,0
FN:32,TestBytesParser.bytesToUint8
FNDA:0,TestBytesParser.bytesToUint8
DA:33,0
FNF:2
FNH:0
LF:2
LH:0
BRF:0
BRH:0
end_of_record
TN:
SF:contracts/tokenbridge/test/TestCustomTokenL1.sol
FN:144,ReverseTestCustomTokenL1.bridgeBurn
FNDA:0,ReverseTestCustomTokenL1.bridgeBurn
DA:149,0
FN:152,ReverseTestCustomTokenL1.balanceOf
FNDA:0,ReverseTestCustomTokenL1.balanceOf
DA:158,0
FN:161,ReverseTestCustomTokenL1.transferFrom
FNDA:0,ReverseTestCustomTokenL1.transferFrom
DA:166,0
FN:114,MintableTestCustomTokenL1.bridgeMint
FNDA:0,MintableTestCustomTokenL1.bridgeMint
DA:119,0
FN:122,MintableTestCustomTokenL1.balanceOf
FNDA:0,MintableTestCustomTokenL1.balanceOf
DA:129,0
FN:132,MintableTestCustomTokenL1.transferFrom
FNDA:0,MintableTestCustomTokenL1.transferFrom
DA:137,0
FN:43,TestCustomTokenL1.mint
FNDA:0,TestCustomTokenL1.mint
DA:44,0
FN:47,TestCustomTokenL1.transferFrom
FNDA:0,TestCustomTokenL1.transferFrom
DA:52,0
FN:55,TestCustomTokenL1.balanceOf
FNDA:0,TestCustomTokenL1.balanceOf
DA:62,0
FN:66,TestCustomTokenL1.isArbitrumEnabled
FNDA:0,TestCustomTokenL1.isArbitrumEnabled
DA:67,0
BRDA:67,0,0,-
BRDA:67,0,1,-
DA:68,0
FN:71,TestCustomTokenL1.registerTokenOnL2
FNDA:0,TestCustomTokenL1.registerTokenOnL2
DA:83,0
DA:84,0
DA:86,0
DA:94,0
DA:102,0
FNF:11
FNH:0
LF:16
LH:0
BRF:2
BRH:0
end_of_record
TN:
SF:contracts/tokenbridge/test/TestERC20.sol
FN:28,TestERC20.mint
FNDA:2,TestERC20.mint
DA:29,2
FN:38,Bytes32ERC20.transfer
FNDA:0,Bytes32ERC20.transfer
DA:39,0
FN:42,Bytes32ERC20.transferFrom
FNDA:0,Bytes32ERC20.transferFrom
DA:47,0
BRDA:47,0,0,-
BRDA:47,0,1,-
DA:48,0
DA:51,0
DA:52,0
DA:54,0
FN:57,Bytes32ERC20.approve
FNDA:0,Bytes32ERC20.approve
DA:58,0
DA:59,0
FN:62,Bytes32ERC20.mint
FNDA:0,Bytes32ERC20.mint
DA:63,0
FNF:5
FNH:1
LF:10
LH:1
BRF:2
BRH:0
end_of_record
TN:
SF:contracts/tokenbridge/test/TestPostDepositCall.sol
FN:29,L2Called.postDepositHook
FNDA:0,L2Called.postDepositHook
DA:30,0
FN:33,L2Called.onTokenTransfer
FNDA:0,L2Called.onTokenTransfer
DA:38,0
DA:40,0
BRDA:40,0,0,-
BRDA:40,0,1,-
DA:41,0
DA:42,0
BRDA:42,1,0,-
BRDA:42,1,1,-
DA:43,0
DA:44,0
BRDA:44,2,0,-
BRDA:44,2,1,-
DA:46,0
DA:48,0
FNF:2
FNH:0
LF:9
LH:0
BRF:6
BRH:0
end_of_record
TN:
SF:contracts/tokenbridge/test/TestWETH9.sol
FN:12,TestWETH9.deposit
FNDA:0,TestWETH9.deposit
DA:13,0
FN:16,TestWETH9.withdraw
FNDA:0,TestWETH9.withdraw
DA:17,0
DA:18,0
FNF:2
FNH:0
LF:3
LH:0
BRF:0
BRH:0
end_of_record
TN:
SF:test-foundry/L1ArbitrumExtendedGateway.t.sol
FN:315,TestExitReceiver.onExitTransfer
FNDA:3072,TestExitReceiver.onExitTransfer
DA:320,3072
DA:321,3072
FNF:1
FNH:1
LF:2
LH:2
BRF:0
BRH:0
end_of_record
